0 info it worked if it ends with ok
1 verbose cli [ '/usr/local/bin/node', '/usr/local/bin/npm', 'run', 'babel' ]
2 info using npm@3.10.10
3 info using node@v6.11.2
4 verbose run-script [ 'prebabel', 'babel', 'postbabel' ]
5 info lifecycle snake@1.0.0~prebabel: snake@1.0.0
6 silly lifecycle snake@1.0.0~prebabel: no script for prebabel, continuing
7 info lifecycle snake@1.0.0~babel: snake@1.0.0
8 verbose lifecycle snake@1.0.0~babel: unsafe-perm in lifecycle true
9 verbose lifecycle snake@1.0.0~babel: PATH: /usr/local/lib/node_modules/npm/bin/node-gyp-bin:/Users/Arun/Documents/GitHub/snake/node_modules/.bin:/Library/Frameworks/Python.framework/Versions/3.5/bin:/Library/Frameworks/Python.framework/Versions/3.6/bin:/usr/local/bin:/usr/bin:/bin:/usr/sbin:/sbin
10 verbose lifecycle snake@1.0.0~babel: CWD: /Users/Arun/Documents/GitHub/snake
11 silly lifecycle snake@1.0.0~babel: Args: [ '-c',
11 silly lifecycle   'babel --presets es2015 src/game.js -o build/snakegame.js' ]
12 info lifecycle snake@1.0.0~babel: Failed to exec babel script
13 verbose stack Error: snake@1.0.0 babel: `babel --presets es2015 src/game.js -o build/snakegame.js`
13 verbose stack spawn ENOENT
13 verbose stack     at ChildProcess.<anonymous> (/usr/local/lib/node_modules/npm/lib/utils/spawn.js:33:16)
13 verbose stack     at emitTwo (events.js:106:13)
13 verbose stack     at ChildProcess.emit (events.js:191:7)
13 verbose stack     at maybeClose (internal/child_process.js:891:16)
13 verbose stack     at Process.ChildProcess._handle.onexit (internal/child_process.js:226:5)
14 verbose pkgid snake@1.0.0
15 verbose cwd /Users/Arun/Documents/GitHub/snake
16 error Darwin 16.7.0
17 error argv "/usr/local/bin/node" "/usr/local/bin/npm" "run" "babel"
18 error node v6.11.2
19 error npm  v3.10.10
20 error file sh
21 error code ELIFECYCLE
22 error errno ENOENT
23 error syscall spawn
24 error snake@1.0.0 babel: `babel --presets es2015 src/game.js -o build/snakegame.js`
24 error spawn ENOENT
25 error Failed at the snake@1.0.0 babel script 'babel --presets es2015 src/game.js -o build/snakegame.js'.
25 error Make sure you have the latest version of node.js and npm installed.
25 error If you do, this is most likely a problem with the snake package,
25 error not with npm itself.
25 error Tell the author that this fails on your system:
25 error     babel --presets es2015 src/game.js -o build/snakegame.js
25 error You can get information on how to open an issue for this project with:
25 error     npm bugs snake
25 error Or if that isn't available, you can get their info via:
25 error     npm owner ls snake
25 error There is likely additional logging output above.
26 verbose exit [ 1, true ]
